<?xml version="1.0" encoding="UTF-8"?>
<testsuite name="com.spotify.sdk.android.authentication.LoginActivityTest" tests="2" skipped="0" failures="0" errors="0" timestamp="2019-03-31T23:21:42" hostname="augustine" time="18.958">
  <properties/>
  <testcase name="shouldFinishLoginActivityIfNoAuthRequest" classname="com.spotify.sdk.android.authentication.LoginActivityTest" time="17.94"/>
  <testcase name="shouldFinishLoginActivityWhenCompleted" classname="com.spotify.sdk.android.authentication.LoginActivityTest" time="1.017"/>
  <system-out><![CDATA[[INFO] Unable to find resource 'org.ow2.asm:asm:pom:5.0.1' in repository sonatype (https://oss.sonatype.org/content/groups/public/)
[INFO] Unable to find resource 'org.ow2.asm:asm-parent:pom:5.0.1' in repository sonatype (https://oss.sonatype.org/content/groups/public/)
[INFO] Unable to find resource 'org.ow2.asm:asm-commons:pom:5.0.1' in repository sonatype (https://oss.sonatype.org/content/groups/public/)
[INFO] Unable to find resource 'org.ow2.asm:asm-tree:pom:5.0.1' in repository sonatype (https://oss.sonatype.org/content/groups/public/)
[INFO] Unable to find resource 'com.google.protobuf:protobuf-java:pom:2.6.1' in repository sonatype (https://oss.sonatype.org/content/groups/public/)
[INFO] Unable to find resource 'com.ximpleware:vtd-xml:pom:2.11' in repository sonatype (https://oss.sonatype.org/content/groups/public/)
[INFO] Unable to find resource 'org.sonatype.oss:oss-parent:pom:4' in repository sonatype (https://oss.sonatype.org/content/groups/public/)
[INFO] Unable to find resource 'org.ow2.asm:asm:jar:5.0.1' in repository sonatype (https://oss.sonatype.org/content/groups/public/)
[INFO] Unable to find resource 'com.google.protobuf:protobuf-java:jar:2.6.1' in repository sonatype (https://oss.sonatype.org/content/groups/public/)
[INFO] Unable to find resource 'com.ximpleware:vtd-xml:jar:2.11' in repository sonatype (https://oss.sonatype.org/content/groups/public/)
[INFO] Unable to find resource 'org.ow2.asm:asm-commons:jar:5.0.1' in repository sonatype (https://oss.sonatype.org/content/groups/public/)
[INFO] Unable to find resource 'org.ow2.asm:asm-tree:jar:5.0.1' in repository sonatype (https://oss.sonatype.org/content/groups/public/)
]]></system-out>
  <system-err><![CDATA[Downloading: org/robolectric/android-all/5.0.0_r2-robolectric-1/android-all-5.0.0_r2-robolectric-1.pom from repository sonatype at https://oss.sonatype.org/content/groups/public/
Transferring 1K from sonatype
Downloading: org/robolectric/shadows-core-v21/3.1.2/shadows-core-v21-3.1.2.pom from repository sonatype at https://oss.sonatype.org/content/groups/public/
Transferring 2K from sonatype
Downloading: org/robolectric/robolectric-annotations/3.1.2/robolectric-annotations-3.1.2.pom from repository sonatype at https://oss.sonatype.org/content/groups/public/
Transferring 1K from sonatype
Downloading: org/robolectric/robolectric-resources/3.1.2/robolectric-resources-3.1.2.pom from repository sonatype at https://oss.sonatype.org/content/groups/public/
Transferring 3K from sonatype
Downloading: org/robolectric/robolectric-utils/3.1.2/robolectric-utils-3.1.2.pom from repository sonatype at https://oss.sonatype.org/content/groups/public/
Transferring 3K from sonatype
Downloading: org/ow2/asm/asm/5.0.1/asm-5.0.1.pom from repository sonatype at https://oss.sonatype.org/content/groups/public/
Unable to locate resource in repository
Downloading: org/ow2/asm/asm/5.0.1/asm-5.0.1.pom from repository central at http://repo1.maven.org/maven2
Transferring 2K from central
Downloading: org/ow2/asm/asm-parent/5.0.1/asm-parent-5.0.1.pom from repository sonatype at https://oss.sonatype.org/content/groups/public/
Unable to locate resource in repository
Downloading: org/ow2/asm/asm-parent/5.0.1/asm-parent-5.0.1.pom from repository central at http://repo1.maven.org/maven2
Transferring 5K from central
Downloading: org/ow2/asm/asm-commons/5.0.1/asm-commons-5.0.1.pom from repository sonatype at https://oss.sonatype.org/content/groups/public/
Unable to locate resource in repository
Downloading: org/ow2/asm/asm-commons/5.0.1/asm-commons-5.0.1.pom from repository central at http://repo1.maven.org/maven2
Transferring 2K from central
Downloading: org/ow2/asm/asm-tree/5.0.1/asm-tree-5.0.1.pom from repository sonatype at https://oss.sonatype.org/content/groups/public/
Unable to locate resource in repository
Downloading: org/ow2/asm/asm-tree/5.0.1/asm-tree-5.0.1.pom from repository central at http://repo1.maven.org/maven2
Transferring 2K from central
Downloading: com/google/android/apps/common/testing/accessibility/framework/accessibility-test-framework/2.1/accessibility-test-framework-2.1.pom from repository sonatype at https://oss.sonatype.org/content/groups/public/
Transferring 5K from sonatype
Downloading: org/hamcrest/hamcrest-library/1.3/hamcrest-library-1.3.pom from repository sonatype at https://oss.sonatype.org/content/groups/public/
Transferring 1K from sonatype
Downloading: com/google/protobuf/protobuf-java/2.6.1/protobuf-java-2.6.1.pom from repository sonatype at https://oss.sonatype.org/content/groups/public/
Unable to locate resource in repository
Downloading: com/google/protobuf/protobuf-java/2.6.1/protobuf-java-2.6.1.pom from repository central at http://repo1.maven.org/maven2
Transferring 9K from central
Downloading: com/ximpleware/vtd-xml/2.11/vtd-xml-2.11.pom from repository sonatype at https://oss.sonatype.org/content/groups/public/
Unable to locate resource in repository
Downloading: com/ximpleware/vtd-xml/2.11/vtd-xml-2.11.pom from repository central at http://repo1.maven.org/maven2
Transferring 1K from central
Downloading: com/almworks/sqlite4java/sqlite4java/0.282/sqlite4java-0.282.pom from repository sonatype at https://oss.sonatype.org/content/groups/public/
Transferring 3K from sonatype
Downloading: org/sonatype/oss/oss-parent/4/oss-parent-4.pom from repository sonatype at https://oss.sonatype.org/content/groups/public/
Unable to locate resource in repository
Downloading: org/sonatype/oss/oss-parent/4/oss-parent-4.pom from repository central at http://repo1.maven.org/maven2
Transferring 4K from central
Downloading: com/ibm/icu/icu4j/53.1/icu4j-53.1.pom from repository sonatype at https://oss.sonatype.org/content/groups/public/
Transferring 5K from sonatype
Downloading: com/google/android/apps/common/testing/accessibility/framework/accessibility-test-framework/2.1/accessibility-test-framework-2.1.jar from repository sonatype at https://oss.sonatype.org/content/groups/public/
Downloading: com/almworks/sqlite4java/sqlite4java/0.282/sqlite4java-0.282.jar from repository sonatype at https://oss.sonatype.org/content/groups/public/
Downloading: com/google/protobuf/protobuf-java/2.6.1/protobuf-java-2.6.1.jar from repository sonatype at https://oss.sonatype.org/content/groups/public/
Downloading: org/ow2/asm/asm/5.0.1/asm-5.0.1.jar from repository sonatype at https://oss.sonatype.org/content/groups/public/
Downloading: com/ibm/icu/icu4j/53.1/icu4j-53.1.jar from repository sonatype at https://oss.sonatype.org/content/groups/public/
Transferring 152K from sonatype
Transferring 126K from sonatype
Unable to locate resource in repository
Downloading: org/ow2/asm/asm/5.0.1/asm-5.0.1.jar from repository central at http://repo1.maven.org/maven2
Unable to locate resource in repository
Downloading: com/google/protobuf/protobuf-java/2.6.1/protobuf-java-2.6.1.jar from repository central at http://repo1.maven.org/maven2
Transferring 9482K from sonatype
Transferring 52K from central
Downloading: org/robolectric/android-all/5.0.0_r2-robolectric-1/android-all-5.0.0_r2-robolectric-1.jar from repository sonatype at https://oss.sonatype.org/content/groups/public/
Downloading: com/ximpleware/vtd-xml/2.11/vtd-xml-2.11.jar from repository sonatype at https://oss.sonatype.org/content/groups/public/
Transferring 583K from central
Downloading: org/ow2/asm/asm-commons/5.0.1/asm-commons-5.0.1.jar from repository sonatype at https://oss.sonatype.org/content/groups/public/
Unable to locate resource in repository
Downloading: com/ximpleware/vtd-xml/2.11/vtd-xml-2.11.jar from repository central at http://repo1.maven.org/maven2
Unable to locate resource in repository
Downloading: org/ow2/asm/asm-commons/5.0.1/asm-commons-5.0.1.jar from repository central at http://repo1.maven.org/maven2
Transferring 623K from central
Downloading: org/hamcrest/hamcrest-library/1.3/hamcrest-library-1.3.jar from repository sonatype at https://oss.sonatype.org/content/groups/public/
Transferring 41864K from sonatype
Transferring 41K from central
Downloading: org/ow2/asm/asm-tree/5.0.1/asm-tree-5.0.1.jar from repository sonatype at https://oss.sonatype.org/content/groups/public/
Transferring 52K from sonatype
Unable to locate resource in repository
Downloading: org/ow2/asm/asm-tree/5.0.1/asm-tree-5.0.1.jar from repository central at http://repo1.maven.org/maven2
Transferring 28K from central
Downloading: org/robolectric/shadows-core-v21/3.1.2/shadows-core-v21-3.1.2.jar from repository sonatype at https://oss.sonatype.org/content/groups/public/
Transferring 2609K from sonatype
Downloading: org/robolectric/robolectric-annotations/3.1.2/robolectric-annotations-3.1.2.jar from repository sonatype at https://oss.sonatype.org/content/groups/public/
Transferring 9K from sonatype
Downloading: org/robolectric/robolectric-resources/3.1.2/robolectric-resources-3.1.2.jar from repository sonatype at https://oss.sonatype.org/content/groups/public/
Transferring 149K from sonatype
Downloading: org/robolectric/robolectric-utils/3.1.2/robolectric-utils-3.1.2.jar from repository sonatype at https://oss.sonatype.org/content/groups/public/
Transferring 49K from sonatype
No such manifest file: build/intermediates/manifests/full/debug/AndroidManifest.xml
No such manifest file: build/intermediates/manifests/full/debug/AndroidManifest.xml
]]></system-err>
</testsuite>
